     1                                  %include "./asmlib/fmt.inc"
     2                              <1> extern print_number
     3                              <1> 
     2                                  %include "./asmlib/sys.inc"
     3                              <1> extern exit
     4                              <1> 
     3                                  %include "./asmlib/str.inc"
     4                              <1> extern string2number
     5                              <1> extern number2string
     6                              <1> 
     4                                  %include "./asmlib/mth.inc"
     5                              <1> extern factorial		;public factorial ;for fasm also
     6                              <1> extern fibonacci		;public fibonacci
     7                              <1> extern gcd					;public gcd
     8                              <1> 
     5                                  %strlen heee "wherwerwer"
     6                                  
     7                                  
     8                                  ;extern exit
     9                                  ;extern print_number
    10                                  ;extern fibonacci
    11                                  ;extern factorial
    12                                  ;extern string2number
    13                                  ;extern number2string
    14                                  ;extern myfuck
    15                                  
    16                                  global msg
    17                                  global len
    18                                  
    19                                  section .data
    20 00000000 0A2D2D2D2D2D2D2D2D-     	msg db 0xa, "--------------------------------------------------", 0xa, 0x0
    20 00000009 2D2D2D2D2D2D2D2D2D-
    20 00000012 2D2D2D2D2D2D2D2D2D-
    20 0000001B 2D2D2D2D2D2D2D2D2D-
    20 00000024 2D2D2D2D2D2D2D2D2D-
    20 0000002D 2D2D2D2D2D2D0A00   
    21                                  	len equ $ - msg
    22                                  	t equ $$
    23 00000035 68656C6C6F20626C61-     	msg1 db "hello black", 0xa, 0x0
    23 0000003E 636B0A00           
    24                                  	len1 equ $ - msg1
    25 00000042 48656C6C6F20776869-     	msg2 db "Hello white", 0xa, 0x0
    25 0000004B 74650A00           
    26                                  	len2 equ $ - msg2
    27                                  
    28                                  section .bss
    29 00000000 ????????????????          inw resb 8
    30                                  
    31                                  segment .text
    32                                  	;global main
    33                                  	global _start
    34                                  
    35                                  _start:
    36 00000000 90                      	nop
    37 00000001 90                      	nop
    38 00000002 90                      	nop
    39 00000003 90                      	nop
    40 00000004 90                      	nop
    41 00000005 90                      	nop
    42 00000006 90                      	nop
    43 00000007 48B8-                   	mov rax, $
    43 00000009 [0700000000000000] 
    44 00000011 E8(00000000)            	call print_number
    45 00000016 48B8-                   	mov rax, $$
    45 00000018 [0000000000000000] 
    46 00000020 E8(00000000)            	call print_number
    47 00000025 48B8-                   	mov rax, t
    47 00000027 [0000000000000000] 
    48 0000002F E8(00000000)            	call print_number
    49                                  
    50 00000034 E8(00000000)            	call exit
    51                                  
    52                                  
