     1                                  %include "./asmlib/fmt.inc"
     2                              <1> extern print_number
     3                              <1> 
     2                                  %include "./asmlib/sys.inc"
     3                              <1> extern exit
     4                              <1> 
     3                                  %include "./asmlib/str.inc"
     4                              <1> extern string2number
     5                              <1> extern number2string
     6                              <1> 
     4                                  %include "./asmlib/mth.inc"
     5                              <1> extern factorial		;public factorial ;for fasm also
     6                              <1> extern fibonacci		;public fibonacci
     7                              <1> extern gcd					;public gcd
     8                              <1> 
     5                                  %strlen heee "wherwerwer"
     6                                  
     7                                  %define Inf __?Infinity?__ 
     8                                  %define NaN __?QNaN?__ 
     9                                  ;extern exit
    10                                  ;extern print_number
    11                                  ;extern fibonacci
    12                                  ;extern factorial
    13                                  ;extern string2number
    14                                  ;extern number2string
    15                                  ;extern myfuck
    16                                  
    17                                  global msg
    18                                  global len
    19                                  
    20                                  section .data
    21 00000000 0A2D2D2D2D2D2D2D2D-     	msg db 0xa, "--------------------------------------------------", 0xa, 0x0
    21 00000009 2D2D2D2D2D2D2D2D2D-
    21 00000012 2D2D2D2D2D2D2D2D2D-
    21 0000001B 2D2D2D2D2D2D2D2D2D-
    21 00000024 2D2D2D2D2D2D2D2D2D-
    21 0000002D 2D2D2D2D2D2D0A00   
    22                                  	len equ $ - msg
    23                                  	t equ $$
    24 00000035 68656C6C6F20626C61-     	msg1 db "hello black", 0xa, 0x0
    24 0000003E 636B0A00           
    25                                  	len1 equ $ - msg1
    26 00000042 48656C6C6F20776869-     	msg2 db "Hello white", 0xa, 0x0
    26 0000004B 74650A00           
    27                                  	len2 equ $ - msg2
    28                                  
    29                                  section .bss
    30 00000000 ????????????????          inw resb 8
    31                                  
    32                                  segment .text
    33                                  	;global main
    34                                  	global _start
    35                                  
    36                                  _start:
    37 00000000 90                      	nop
    38 00000001 90                      	nop
    39 00000002 90                      	nop
    40 00000003 90                      	nop
    41 00000004 90                      	nop
    42 00000005 90                      	nop
    43 00000006 90                      	nop
    44 00000007 48B8-                   	mov rax, $
    44 00000009 [0700000000000000] 
    45 00000011 E8(00000000)            	call print_number
    46 00000016 48B8-                   	mov rax, $$
    46 00000018 [0000000000000000] 
    47 00000020 E8(00000000)            	call print_number
    48 00000025 48B8-                   	mov rax, t
    48 00000027 [0000000000000000] 
    49 0000002F E8(00000000)            	call print_number
    50                                  	;#ilog2e()
    51                                  
    52 00000034 E8(00000000)            	call exit
    53                                  
    54                                  
